[debug] [2023-08-18T01:17:08.866Z] ----------------------------------------------------------------------
[debug] [2023-08-18T01:17:08.871Z] Command:       C:\Program Files\nodejs\node.exe C:\Users\ingro\AppData\Roaming\npm\node_modules\firebase-tools\lib\bin\firebase.js init
[debug] [2023-08-18T01:17:08.872Z] CLI Version:   12.4.8
[debug] [2023-08-18T01:17:08.873Z] Platform:      win32
[debug] [2023-08-18T01:17:08.873Z] Node Version:  v16.15.1
[debug] [2023-08-18T01:17:08.875Z] Time:          Thu Aug 17 2023 22:17:08 GMT-0300 (hora estándar de Argentina)
[debug] [2023-08-18T01:17:08.876Z] ----------------------------------------------------------------------
[debug] 
[debug] [2023-08-18T01:17:08.897Z] > command requires scopes: ["email","openid","https://www.googleapis.com/auth/cloudplatformprojects.readonly","https://www.googleapis.com/auth/firebase","https://www.googleapis.com/auth/cloud-platform"]
[debug] [2023-08-18T01:17:08.899Z] > authorizing via signed-in user (ingrogger@gmail.com)
[info] 
     ######## #### ########  ######## ########     ###     ######  ########
     ##        ##  ##     ## ##       ##     ##  ##   ##  ##       ##
     ######    ##  ########  ######   ########  #########  ######  ######
     ##        ##  ##    ##  ##       ##     ## ##     ##       ## ##
     ##       #### ##     ## ######## ########  ##     ##  ######  ########

You're about to initialize a Firebase project in this directory:

  C:\Users\ingro\Documents\react\blue_cloud\my-app

[info] 
=== Project Setup
[info] 
[info] First, let's associate this project directory with a Firebase project.
[info] You can create multiple project aliases by running firebase use --add, 
[info] but for now we'll just set up a default project.
[info] 
[info] i  If you want to create a project in a Google Cloud organization or folder, please use "firebase projects:create" instead, and return to this command when you've created the project. 
